1)

module-starter --module=Animal --distro=Animal --author=Sean --email=sean.clark@mastercard.com --builder=Module::Build
perl Build.PL
Build test

--
# Testing Animal 0.01, Perl 5.016003, C:\Perl64\bin\perl.exe
t\00-load.t ....... ok
t\manifest.t ...... skipped: Author tests not required for installation
t\pod-coverage.t .. skipped: Author tests not required for installation
t\pod.t ........... skipped: Author tests not required for installation
All tests successful.
Files=4, Tests=1,  0 wallclock secs ( 0.03 usr +  0.02 sys =  0.05 CPU)
Result: PASS
--

--
Backslash found where operator expected at C:\Data\int-perl\modules\slc\Animal\blib\lib/Animal.pm line 41, near "1\"
Bailout called.  Further testing stopped:  
	(Missing operator before \?)

#   Failed test 'use Animal;'
#   at t\00-load.t line 10.
#     Tried to use 'Animal'.
#     Error:  syntax error at C:\Data\int-perl\modules\slc\Animal\blib\lib/Animal.pm line 41, near "1\"
# Compilation failed in require at t\00-load.t line 10.
# BEGIN failed--compilation aborted at t\00-load.t line 10.
Use of uninitialized value $Animal::VERSION in concatenation (.) or string at t\00-load.t line 13.
# Testing Animal , Perl 5.016003, C:\Perl64\bin\perl.exe
# Looks like you failed 1 test of 1.
FAILED--Further testing stopped.
--

2)
Add env variable:
MODULE_STARTER_DIR=C:\Data\int-perl\modules\slc\

module-starter --module=Animal --distro=Animal

3)
module-starter --module=Cow --dist=.
